  Alquiler.cpp
C:\Users\pablo\Desktop\TPV\TPV-Compartido\Ejercicio 3º sesion TPV\Ejercicio 3º sesion TPV\Coche.cpp(4,16): error C2084: la función 'Coche::Coche(void)' ya tiene un cuerpo
C:\Users\pablo\Desktop\TPV\TPV-Compartido\Ejercicio 3º sesion TPV\Ejercicio 3º sesion TPV\Coche.h(17): message : vea la definición anterior de '{ctor}'
C:\Users\pablo\Desktop\TPV\TPV-Compartido\Ejercicio 3º sesion TPV\Ejercicio 3º sesion TPV\Coche.cpp(4,16): error C2084: la función 'Coche::Coche(void)' ya tiene un cuerpo
C:\Users\pablo\Desktop\TPV\TPV-Compartido\Ejercicio 3º sesion TPV\Ejercicio 3º sesion TPV\Coche.cpp(4): message : vea la definición anterior de '{ctor}'
C:\Users\pablo\Desktop\TPV\TPV-Compartido\Ejercicio 3º sesion TPV\Ejercicio 3º sesion TPV\Coche.cpp(6,51): error C2084: la función 'Coche::Coche(int,int,std::string)' ya tiene un cuerpo
C:\Users\pablo\Desktop\TPV\TPV-Compartido\Ejercicio 3º sesion TPV\Ejercicio 3º sesion TPV\Coche.cpp(6): message : vea la definición anterior de '{ctor}'
C:\Users\pablo\Desktop\TPV\TPV-Compartido\Ejercicio 3º sesion TPV\Ejercicio 3º sesion TPV\Coche.cpp(9,1): error C2084: la función 'int Coche::getCodigo(void) const' ya tiene un cuerpo
C:\Users\pablo\Desktop\TPV\TPV-Compartido\Ejercicio 3º sesion TPV\Ejercicio 3º sesion TPV\Coche.cpp(8): message : vea la definición anterior de 'getCodigo'
C:\Users\pablo\Desktop\TPV\TPV-Compartido\Ejercicio 3º sesion TPV\Ejercicio 3º sesion TPV\Coche.cpp(14,1): error C2084: la función 'int Coche::getPrecio(void) const' ya tiene un cuerpo
C:\Users\pablo\Desktop\TPV\TPV-Compartido\Ejercicio 3º sesion TPV\Ejercicio 3º sesion TPV\Coche.cpp(13): message : vea la definición anterior de 'getPrecio'
C:\Users\pablo\Desktop\TPV\TPV-Compartido\Ejercicio 3º sesion TPV\Ejercicio 3º sesion TPV\Coche.cpp(19,1): error C2084: la función 'std::string Coche::getName(void) const' ya tiene un cuerpo
C:\Users\pablo\Desktop\TPV\TPV-Compartido\Ejercicio 3º sesion TPV\Ejercicio 3º sesion TPV\Coche.cpp(18): message : vea la definición anterior de 'getName'
C:\Users\pablo\Desktop\TPV\TPV-Compartido\Ejercicio 3º sesion TPV\Ejercicio 3º sesion TPV\Coche.cpp(25,1): error C2084: la función 'bool Coche::cargarElemCoches(std::string)' ya tiene un cuerpo
C:\Users\pablo\Desktop\TPV\TPV-Compartido\Ejercicio 3º sesion TPV\Ejercicio 3º sesion TPV\Coche.cpp(24): message : vea la definición anterior de 'cargarElemCoches'
C:\Users\pablo\Desktop\TPV\TPV-Compartido\Ejercicio 3º sesion TPV\Ejercicio 3º sesion TPV\Coche.cpp(48,1): error C2084: la función 'void Coche::darValores(int,std::string,int)' ya tiene un cuerpo
C:\Users\pablo\Desktop\TPV\TPV-Compartido\Ejercicio 3º sesion TPV\Ejercicio 3º sesion TPV\Coche.cpp(47): message : vea la definición anterior de 'darValores'
C:\Users\pablo\Desktop\TPV\TPV-Compartido\Ejercicio 3º sesion TPV\Ejercicio 3º sesion TPV\ListaCoches.cpp(6,28): error C2084: la función 'ListaCoches::ListaCoches(void)' ya tiene un cuerpo
C:\Users\pablo\Desktop\TPV\TPV-Compartido\Ejercicio 3º sesion TPV\Ejercicio 3º sesion TPV\ListaCoches.h(16): message : vea la definición anterior de '{ctor}'
C:\Users\pablo\Desktop\TPV\TPV-Compartido\Ejercicio 3º sesion TPV\Ejercicio 3º sesion TPV\Alquiler.cpp(3,22): error C2084: la función 'Alquiler::Alquiler(void)' ya tiene un cuerpo
  Coche.cpp
C:\Users\pablo\Desktop\TPV\TPV-Compartido\Ejercicio 3º sesion TPV\Ejercicio 3º sesion TPV\Alquiler.h(18): message : vea la definición anterior de '{ctor}'
C:\Users\pablo\Desktop\TPV\TPV-Compartido\Ejercicio 3º sesion TPV\Ejercicio 3º sesion TPV\Coche.cpp(4,16): error C2084: la función 'Coche::Coche(void)' ya tiene un cuerpo
  Date.cpp
  ListaAlquileres.cpp
C:\Users\pablo\Desktop\TPV\TPV-Compartido\Ejercicio 3º sesion TPV\Ejercicio 3º sesion TPV\Coche.h(17): message : vea la definición anterior de '{ctor}'
C:\Users\pablo\Desktop\TPV\TPV-Compartido\Ejercicio 3º sesion TPV\Ejercicio 3º sesion TPV\Coche.cpp(4,16): error C2084: la función 'Coche::Coche(void)' ya tiene un cuerpo
C:\Users\pablo\Desktop\TPV\TPV-Compartido\Ejercicio 3º sesion TPV\Ejercicio 3º sesion TPV\Coche.h(17): message : vea la definición anterior de '{ctor}'
C:\Users\pablo\Desktop\TPV\TPV-Compartido\Ejercicio 3º sesion TPV\Ejercicio 3º sesion TPV\Coche.cpp(4,16): error C2084: la función 'Coche::Coche(void)' ya tiene un cuerpo
C:\Users\pablo\Desktop\TPV\TPV-Compartido\Ejercicio 3º sesion TPV\Ejercicio 3º sesion TPV\Coche.cpp(4): message : vea la definición anterior de '{ctor}'
C:\Users\pablo\Desktop\TPV\TPV-Compartido\Ejercicio 3º sesion TPV\Ejercicio 3º sesion TPV\Coche.cpp(6,51): error C2084: la función 'Coche::Coche(int,int,std::string)' ya tiene un cuerpo
C:\Users\pablo\Desktop\TPV\TPV-Compartido\Ejercicio 3º sesion TPV\Ejercicio 3º sesion TPV\Coche.cpp(6): message : vea la definición anterior de '{ctor}'
C:\Users\pablo\Desktop\TPV\TPV-Compartido\Ejercicio 3º sesion TPV\Ejercicio 3º sesion TPV\Coche.cpp(9,1): error C2084: la función 'int Coche::getCodigo(void) const' ya tiene un cuerpo
C:\Users\pablo\Desktop\TPV\TPV-Compartido\Ejercicio 3º sesion TPV\Ejercicio 3º sesion TPV\Coche.cpp(8): message : vea la definición anterior de 'getCodigo'
C:\Users\pablo\Desktop\TPV\TPV-Compartido\Ejercicio 3º sesion TPV\Ejercicio 3º sesion TPV\Coche.cpp(14,1): error C2084: la función 'int Coche::getPrecio(void) const' ya tiene un cuerpo
C:\Users\pablo\Desktop\TPV\TPV-Compartido\Ejercicio 3º sesion TPV\Ejercicio 3º sesion TPV\Coche.cpp(13): message : vea la definición anterior de 'getPrecio'
C:\Users\pablo\Desktop\TPV\TPV-Compartido\Ejercicio 3º sesion TPV\Ejercicio 3º sesion TPV\Coche.cpp(19,1): error C2084: la función 'std::string Coche::getName(void) const' ya tiene un cuerpo
C:\Users\pablo\Desktop\TPV\TPV-Compartido\Ejercicio 3º sesion TPV\Ejercicio 3º sesion TPV\Coche.cpp(18): message : vea la definición anterior de 'getName'
C:\Users\pablo\Desktop\TPV\TPV-Compartido\Ejercicio 3º sesion TPV\Ejercicio 3º sesion TPV\Coche.cpp(25,1): error C2084: la función 'bool Coche::cargarElemCoches(std::string)' ya tiene un cuerpo
C:\Users\pablo\Desktop\TPV\TPV-Compartido\Ejercicio 3º sesion TPV\Ejercicio 3º sesion TPV\Coche.cpp(24): message : vea la definición anterior de 'cargarElemCoches'
C:\Users\pablo\Desktop\TPV\TPV-Compartido\Ejercicio 3º sesion TPV\Ejercicio 3º sesion TPV\Coche.cpp(48,1): error C2084: la función 'void Coche::darValores(int,std::string,int)' ya tiene un cuerpo
C:\Users\pablo\Desktop\TPV\TPV-Compartido\Ejercicio 3º sesion TPV\Ejercicio 3º sesion TPV\Coche.cpp(47): message : vea la definición anterior de 'darValores'
C:\Users\pablo\Desktop\TPV\TPV-Compartido\Ejercicio 3º sesion TPV\Ejercicio 3º sesion TPV\ListaCoches.cpp(6,28): error C2084: la función 'ListaCoches::ListaCoches(void)' ya tiene un cuerpo
C:\Users\pablo\Desktop\TPV\TPV-Compartido\Ejercicio 3º sesion TPV\Ejercicio 3º sesion TPV\ListaCoches.h(16): message : vea la definición anterior de '{ctor}'
C:\Users\pablo\Desktop\TPV\TPV-Compartido\Ejercicio 3º sesion TPV\Ejercicio 3º sesion TPV\Alquiler.cpp(3,22): error C2084: la función 'Alquiler::Alquiler(void)' ya tiene un cuerpo
C:\Users\pablo\Desktop\TPV\TPV-Compartido\Ejercicio 3º sesion TPV\Ejercicio 3º sesion TPV\Alquiler.h(18): message : vea la definición anterior de '{ctor}'
C:\Users\pablo\Desktop\TPV\TPV-Compartido\Ejercicio 3º sesion TPV\Ejercicio 3º sesion TPV\ListaAlquileres.cpp(4,36): error C2084: la función 'ListaAlquileres::ListaAlquileres(void)' ya tiene un cuerpo
  ListaCoches.cpp
C:\Users\pablo\Desktop\TPV\TPV-Compartido\Ejercicio 3º sesion TPV\Ejercicio 3º sesion TPV\ListaAlquileres.h(12): message : vea la definición anterior de '{ctor}'
C:\Users\pablo\Desktop\TPV\TPV-Compartido\Ejercicio 3º sesion TPV\Ejercicio 3º sesion TPV\Coche.cpp(4,16): error C2084: la función 'Coche::Coche(void)' ya tiene un cuerpo
C:\Users\pablo\Desktop\TPV\TPV-Compartido\Ejercicio 3º sesion TPV\Ejercicio 3º sesion TPV\Coche.h(17): message : vea la definición anterior de '{ctor}'
C:\Users\pablo\Desktop\TPV\TPV-Compartido\Ejercicio 3º sesion TPV\Ejercicio 3º sesion TPV\Coche.cpp(4,16): error C2084: la función 'Coche::Coche(void)' ya tiene un cuerpo
C:\Users\pablo\Desktop\TPV\TPV-Compartido\Ejercicio 3º sesion TPV\Ejercicio 3º sesion TPV\Coche.cpp(4): message : vea la definición anterior de '{ctor}'
C:\Users\pablo\Desktop\TPV\TPV-Compartido\Ejercicio 3º sesion TPV\Ejercicio 3º sesion TPV\Coche.cpp(6,51): error C2084: la función 'Coche::Coche(int,int,std::string)' ya tiene un cuerpo
C:\Users\pablo\Desktop\TPV\TPV-Compartido\Ejercicio 3º sesion TPV\Ejercicio 3º sesion TPV\Coche.cpp(6): message : vea la definición anterior de '{ctor}'
C:\Users\pablo\Desktop\TPV\TPV-Compartido\Ejercicio 3º sesion TPV\Ejercicio 3º sesion TPV\Coche.cpp(9,1): error C2084: la función 'int Coche::getCodigo(void) const' ya tiene un cuerpo
C:\Users\pablo\Desktop\TPV\TPV-Compartido\Ejercicio 3º sesion TPV\Ejercicio 3º sesion TPV\Coche.cpp(8): message : vea la definición anterior de 'getCodigo'
C:\Users\pablo\Desktop\TPV\TPV-Compartido\Ejercicio 3º sesion TPV\Ejercicio 3º sesion TPV\Coche.cpp(14,1): error C2084: la función 'int Coche::getPrecio(void) const' ya tiene un cuerpo
C:\Users\pablo\Desktop\TPV\TPV-Compartido\Ejercicio 3º sesion TPV\Ejercicio 3º sesion TPV\Coche.cpp(13): message : vea la definición anterior de 'getPrecio'
C:\Users\pablo\Desktop\TPV\TPV-Compartido\Ejercicio 3º sesion TPV\Ejercicio 3º sesion TPV\Coche.cpp(19,1): error C2084: la función 'std::string Coche::getName(void) const' ya tiene un cuerpo
C:\Users\pablo\Desktop\TPV\TPV-Compartido\Ejercicio 3º sesion TPV\Ejercicio 3º sesion TPV\Coche.cpp(18): message : vea la definición anterior de 'getName'
C:\Users\pablo\Desktop\TPV\TPV-Compartido\Ejercicio 3º sesion TPV\Ejercicio 3º sesion TPV\Coche.cpp(25,1): error C2084: la función 'bool Coche::cargarElemCoches(std::string)' ya tiene un cuerpo
C:\Users\pablo\Desktop\TPV\TPV-Compartido\Ejercicio 3º sesion TPV\Ejercicio 3º sesion TPV\Coche.cpp(24): message : vea la definición anterior de 'cargarElemCoches'
C:\Users\pablo\Desktop\TPV\TPV-Compartido\Ejercicio 3º sesion TPV\Ejercicio 3º sesion TPV\Coche.cpp(48,1): error C2084: la función 'void Coche::darValores(int,std::string,int)' ya tiene un cuerpo
C:\Users\pablo\Desktop\TPV\TPV-Compartido\Ejercicio 3º sesion TPV\Ejercicio 3º sesion TPV\Coche.cpp(47): message : vea la definición anterior de 'darValores'
C:\Users\pablo\Desktop\TPV\TPV-Compartido\Ejercicio 3º sesion TPV\Ejercicio 3º sesion TPV\ListaCoches.cpp(6,28): error C2084: la función 'ListaCoches::ListaCoches(void)' ya tiene un cuerpo
  Main.cpp
C:\Users\pablo\Desktop\TPV\TPV-Compartido\Ejercicio 3º sesion TPV\Ejercicio 3º sesion TPV\ListaCoches.h(16): message : vea la definición anterior de '{ctor}'
C:\Users\pablo\Desktop\TPV\TPV-Compartido\Ejercicio 3º sesion TPV\Ejercicio 3º sesion TPV\Main.cpp(6,10): warning C4067: símbolos (token) inesperados después de la directiva del preprocesador; se esperaba una nueva línea
C:\Users\pablo\Desktop\TPV\TPV-Compartido\Ejercicio 3º sesion TPV\Ejercicio 3º sesion TPV\Main.cpp(7,10): warning C4067: símbolos (token) inesperados después de la directiva del preprocesador; se esperaba una nueva línea
C:\Users\pablo\Desktop\TPV\TPV-Compartido\Ejercicio 3º sesion TPV\Ejercicio 3º sesion TPV\Main.cpp(8,10): warning C4067: símbolos (token) inesperados después de la directiva del preprocesador; se esperaba una nueva línea
C:\Users\pablo\Desktop\TPV\TPV-Compartido\Ejercicio 3º sesion TPV\Ejercicio 3º sesion TPV\Main.cpp(9,10): warning C4067: símbolos (token) inesperados después de la directiva del preprocesador; se esperaba una nueva línea
C:\Users\pablo\Desktop\TPV\TPV-Compartido\Ejercicio 3º sesion TPV\Ejercicio 3º sesion TPV\Main.cpp(10,10): warning C4067: símbolos (token) inesperados después de la directiva del preprocesador; se esperaba una nueva línea
C:\Users\pablo\Desktop\TPV\TPV-Compartido\Ejercicio 3º sesion TPV\Ejercicio 3º sesion TPV\Coche.cpp(4,16): error C2084: la función 'Coche::Coche(void)' ya tiene un cuerpo
C:\Users\pablo\Desktop\TPV\TPV-Compartido\Ejercicio 3º sesion TPV\Ejercicio 3º sesion TPV\Coche.h(17): message : vea la definición anterior de '{ctor}'
C:\Users\pablo\Desktop\TPV\TPV-Compartido\Ejercicio 3º sesion TPV\Ejercicio 3º sesion TPV\Coche.cpp(4,16): error C2084: la función 'Coche::Coche(void)' ya tiene un cuerpo
C:\Users\pablo\Desktop\TPV\TPV-Compartido\Ejercicio 3º sesion TPV\Ejercicio 3º sesion TPV\Coche.cpp(4): message : vea la definición anterior de '{ctor}'
C:\Users\pablo\Desktop\TPV\TPV-Compartido\Ejercicio 3º sesion TPV\Ejercicio 3º sesion TPV\Coche.cpp(6,51): error C2084: la función 'Coche::Coche(int,int,std::string)' ya tiene un cuerpo
C:\Users\pablo\Desktop\TPV\TPV-Compartido\Ejercicio 3º sesion TPV\Ejercicio 3º sesion TPV\Coche.cpp(6): message : vea la definición anterior de '{ctor}'
C:\Users\pablo\Desktop\TPV\TPV-Compartido\Ejercicio 3º sesion TPV\Ejercicio 3º sesion TPV\Coche.cpp(9,1): error C2084: la función 'int Coche::getCodigo(void) const' ya tiene un cuerpo
C:\Users\pablo\Desktop\TPV\TPV-Compartido\Ejercicio 3º sesion TPV\Ejercicio 3º sesion TPV\Coche.cpp(8): message : vea la definición anterior de 'getCodigo'
C:\Users\pablo\Desktop\TPV\TPV-Compartido\Ejercicio 3º sesion TPV\Ejercicio 3º sesion TPV\Coche.cpp(14,1): error C2084: la función 'int Coche::getPrecio(void) const' ya tiene un cuerpo
C:\Users\pablo\Desktop\TPV\TPV-Compartido\Ejercicio 3º sesion TPV\Ejercicio 3º sesion TPV\Coche.cpp(13): message : vea la definición anterior de 'getPrecio'
C:\Users\pablo\Desktop\TPV\TPV-Compartido\Ejercicio 3º sesion TPV\Ejercicio 3º sesion TPV\Coche.cpp(19,1): error C2084: la función 'std::string Coche::getName(void) const' ya tiene un cuerpo
C:\Users\pablo\Desktop\TPV\TPV-Compartido\Ejercicio 3º sesion TPV\Ejercicio 3º sesion TPV\Coche.cpp(18): message : vea la definición anterior de 'getName'
C:\Users\pablo\Desktop\TPV\TPV-Compartido\Ejercicio 3º sesion TPV\Ejercicio 3º sesion TPV\Coche.cpp(25,1): error C2084: la función 'bool Coche::cargarElemCoches(std::string)' ya tiene un cuerpo
C:\Users\pablo\Desktop\TPV\TPV-Compartido\Ejercicio 3º sesion TPV\Ejercicio 3º sesion TPV\Coche.cpp(24): message : vea la definición anterior de 'cargarElemCoches'
C:\Users\pablo\Desktop\TPV\TPV-Compartido\Ejercicio 3º sesion TPV\Ejercicio 3º sesion TPV\Coche.cpp(48,1): error C2084: la función 'void Coche::darValores(int,std::string,int)' ya tiene un cuerpo
C:\Users\pablo\Desktop\TPV\TPV-Compartido\Ejercicio 3º sesion TPV\Ejercicio 3º sesion TPV\Coche.cpp(47): message : vea la definición anterior de 'darValores'
C:\Users\pablo\Desktop\TPV\TPV-Compartido\Ejercicio 3º sesion TPV\Ejercicio 3º sesion TPV\ListaCoches.cpp(6,28): error C2084: la función 'ListaCoches::ListaCoches(void)' ya tiene un cuerpo
C:\Users\pablo\Desktop\TPV\TPV-Compartido\Ejercicio 3º sesion TPV\Ejercicio 3º sesion TPV\ListaCoches.h(16): message : vea la definición anterior de '{ctor}'
C:\Users\pablo\Desktop\TPV\TPV-Compartido\Ejercicio 3º sesion TPV\Ejercicio 3º sesion TPV\Date.cpp(12,33): error C2084: la función 'Date::Date(int,int,int)' ya tiene un cuerpo
C:\Users\pablo\Desktop\TPV\TPV-Compartido\Ejercicio 3º sesion TPV\Ejercicio 3º sesion TPV\Date.cpp(12): message : vea la definición anterior de '{ctor}'
C:\Users\pablo\Desktop\TPV\TPV-Compartido\Ejercicio 3º sesion TPV\Ejercicio 3º sesion TPV\Date.cpp(19,30): error C2084: la función 'Date::Date(const Date &)' ya tiene un cuerpo
C:\Users\pablo\Desktop\TPV\TPV-Compartido\Ejercicio 3º sesion TPV\Ejercicio 3º sesion TPV\Date.cpp(19): message : vea la definición anterior de '{ctor}'
C:\Users\pablo\Desktop\TPV\TPV-Compartido\Ejercicio 3º sesion TPV\Ejercicio 3º sesion TPV\Date.cpp(25,25): error C2084: la función 'void Date::operator ++(void)' ya tiene un cuerpo
C:\Users\pablo\Desktop\TPV\TPV-Compartido\Ejercicio 3º sesion TPV\Ejercicio 3º sesion TPV\Date.cpp(25): message : vea la definición anterior de '++'
C:\Users\pablo\Desktop\TPV\TPV-Compartido\Ejercicio 3º sesion TPV\Ejercicio 3º sesion TPV\Date.cpp(38,30): error C2084: la función 'void Date::operator +=(int)' ya tiene un cuerpo
C:\Users\pablo\Desktop\TPV\TPV-Compartido\Ejercicio 3º sesion TPV\Ejercicio 3º sesion TPV\Date.cpp(38): message : vea la definición anterior de '+='
C:\Users\pablo\Desktop\TPV\TPV-Compartido\Ejercicio 3º sesion TPV\Ejercicio 3º sesion TPV\Date.cpp(43,46): error C2084: la función 'bool Date::operator <(const Date &) const' ya tiene un cuerpo
C:\Users\pablo\Desktop\TPV\TPV-Compartido\Ejercicio 3º sesion TPV\Ejercicio 3º sesion TPV\Date.cpp(43): message : vea la definición anterior de '<'
C:\Users\pablo\Desktop\TPV\TPV-Compartido\Ejercicio 3º sesion TPV\Ejercicio 3º sesion TPV\Date.cpp(49,40): error C2084: la función 'int Date::diff(const Date &) const' ya tiene un cuerpo
C:\Users\pablo\Desktop\TPV\TPV-Compartido\Ejercicio 3º sesion TPV\Ejercicio 3º sesion TPV\Date.cpp(49): message : vea la definición anterior de 'diff'
C:\Users\pablo\Desktop\TPV\TPV-Compartido\Ejercicio 3º sesion TPV\Ejercicio 3º sesion TPV\Date.cpp(53,26): error C2084: la función 'void Date::print(void) const' ya tiene un cuerpo
C:\Users\pablo\Desktop\TPV\TPV-Compartido\Ejercicio 3º sesion TPV\Ejercicio 3º sesion TPV\Date.cpp(53): message : vea la definición anterior de 'print'
C:\Users\pablo\Desktop\TPV\TPV-Compartido\Ejercicio 3º sesion TPV\Ejercicio 3º sesion TPV\Date.cpp(60,34): error C2084: la función 'int Date::calculateValue(void) const' ya tiene un cuerpo
C:\Users\pablo\Desktop\TPV\TPV-Compartido\Ejercicio 3º sesion TPV\Ejercicio 3º sesion TPV\Date.cpp(60): message : vea la definición anterior de 'calculateValue'
C:\Users\pablo\Desktop\TPV\TPV-Compartido\Ejercicio 3º sesion TPV\Ejercicio 3º sesion TPV\Date.cpp(71,36): error C2084: la función 'int Date::daysInMonth(int) const' ya tiene un cuerpo
C:\Users\pablo\Desktop\TPV\TPV-Compartido\Ejercicio 3º sesion TPV\Ejercicio 3º sesion TPV\Date.cpp(71): message : vea la definición anterior de 'daysInMonth'
C:\Users\pablo\Desktop\TPV\TPV-Compartido\Ejercicio 3º sesion TPV\Ejercicio 3º sesion TPV\Date.cpp(90,32): error C2084: la función 'bool Date::correctDate(void) const' ya tiene un cuerpo
C:\Users\pablo\Desktop\TPV\TPV-Compartido\Ejercicio 3º sesion TPV\Ejercicio 3º sesion TPV\Date.cpp(90): message : vea la definición anterior de 'correctDate'
C:\Users\pablo\Desktop\TPV\TPV-Compartido\Ejercicio 3º sesion TPV\Ejercicio 3º sesion TPV\Date.cpp(99,43): error C2084: la función 'std::istream &operator >>(std::istream &,Date &)' ya tiene un cuerpo
C:\Users\pablo\Desktop\TPV\TPV-Compartido\Ejercicio 3º sesion TPV\Ejercicio 3º sesion TPV\Date.cpp(99): message : vea la definición anterior de '>>'
C:\Users\pablo\Desktop\TPV\TPV-Compartido\Ejercicio 3º sesion TPV\Ejercicio 3º sesion TPV\Date.cpp(105,50): error C2084: la función 'std::ostream &operator <<(std::ostream &,const Date &)' ya tiene un cuerpo
C:\Users\pablo\Desktop\TPV\TPV-Compartido\Ejercicio 3º sesion TPV\Ejercicio 3º sesion TPV\Date.cpp(105): message : vea la definición anterior de '<<'
C:\Users\pablo\Desktop\TPV\TPV-Compartido\Ejercicio 3º sesion TPV\Ejercicio 3º sesion TPV\Date.cpp(111,1): error C2084: la función 'bool Date::cargarFecha(std::string)' ya tiene un cuerpo
C:\Users\pablo\Desktop\TPV\TPV-Compartido\Ejercicio 3º sesion TPV\Ejercicio 3º sesion TPV\Date.cpp(110): message : vea la definición anterior de 'cargarFecha'
C:\Users\pablo\Desktop\TPV\TPV-Compartido\Ejercicio 3º sesion TPV\Ejercicio 3º sesion TPV\Coche.cpp(4,16): error C2084: la función 'Coche::Coche(void)' ya tiene un cuerpo
C:\Users\pablo\Desktop\TPV\TPV-Compartido\Ejercicio 3º sesion TPV\Ejercicio 3º sesion TPV\Coche.cpp(4): message : vea la definición anterior de '{ctor}'
C:\Users\pablo\Desktop\TPV\TPV-Compartido\Ejercicio 3º sesion TPV\Ejercicio 3º sesion TPV\Coche.cpp(6,51): error C2084: la función 'Coche::Coche(int,int,std::string)' ya tiene un cuerpo
C:\Users\pablo\Desktop\TPV\TPV-Compartido\Ejercicio 3º sesion TPV\Ejercicio 3º sesion TPV\Coche.cpp(6): message : vea la definición anterior de '{ctor}'
C:\Users\pablo\Desktop\TPV\TPV-Compartido\Ejercicio 3º sesion TPV\Ejercicio 3º sesion TPV\Coche.cpp(9,1): error C2084: la función 'int Coche::getCodigo(void) const' ya tiene un cuerpo
C:\Users\pablo\Desktop\TPV\TPV-Compartido\Ejercicio 3º sesion TPV\Ejercicio 3º sesion TPV\Coche.cpp(8): message : vea la definición anterior de 'getCodigo'
C:\Users\pablo\Desktop\TPV\TPV-Compartido\Ejercicio 3º sesion TPV\Ejercicio 3º sesion TPV\Coche.cpp(14,1): error C2084: la función 'int Coche::getPrecio(void) const' ya tiene un cuerpo
C:\Users\pablo\Desktop\TPV\TPV-Compartido\Ejercicio 3º sesion TPV\Ejercicio 3º sesion TPV\Coche.cpp(13): message : vea la definición anterior de 'getPrecio'
C:\Users\pablo\Desktop\TPV\TPV-Compartido\Ejercicio 3º sesion TPV\Ejercicio 3º sesion TPV\Coche.cpp(19,1): error C2084: la función 'std::string Coche::getName(void) const' ya tiene un cuerpo
C:\Users\pablo\Desktop\TPV\TPV-Compartido\Ejercicio 3º sesion TPV\Ejercicio 3º sesion TPV\Coche.cpp(18): message : vea la definición anterior de 'getName'
C:\Users\pablo\Desktop\TPV\TPV-Compartido\Ejercicio 3º sesion TPV\Ejercicio 3º sesion TPV\Coche.cpp(25,1): error C2084: la función 'bool Coche::cargarElemCoches(std::string)' ya tiene un cuerpo
C:\Users\pablo\Desktop\TPV\TPV-Compartido\Ejercicio 3º sesion TPV\Ejercicio 3º sesion TPV\Coche.cpp(24): message : vea la definición anterior de 'cargarElemCoches'
C:\Users\pablo\Desktop\TPV\TPV-Compartido\Ejercicio 3º sesion TPV\Ejercicio 3º sesion TPV\Coche.cpp(48,1): error C2084: la función 'void Coche::darValores(int,std::string,int)' ya tiene un cuerpo
C:\Users\pablo\Desktop\TPV\TPV-Compartido\Ejercicio 3º sesion TPV\Ejercicio 3º sesion TPV\Coche.cpp(47): message : vea la definición anterior de 'darValores'
C:\Users\pablo\Desktop\TPV\TPV-Compartido\Ejercicio 3º sesion TPV\Ejercicio 3º sesion TPV\ListaCoches.cpp(6,28): error C2084: la función 'ListaCoches::ListaCoches(void)' ya tiene un cuerpo
C:\Users\pablo\Desktop\TPV\TPV-Compartido\Ejercicio 3º sesion TPV\Ejercicio 3º sesion TPV\ListaCoches.cpp(6): message : vea la definición anterior de '{ctor}'
C:\Users\pablo\Desktop\TPV\TPV-Compartido\Ejercicio 3º sesion TPV\Ejercicio 3º sesion TPV\ListaCoches.cpp(8,69): error C2084: la función 'ListaCoches::ListaCoches(int,int,Coche *)' ya tiene un cuerpo
C:\Users\pablo\Desktop\TPV\TPV-Compartido\Ejercicio 3º sesion TPV\Ejercicio 3º sesion TPV\ListaCoches.cpp(8): message : vea la definición anterior de '{ctor}'
C:\Users\pablo\Desktop\TPV\TPV-Compartido\Ejercicio 3º sesion TPV\Ejercicio 3º sesion TPV\ListaCoches.cpp(11,1): error C2084: la función 'int ListaCoches::getnumElem(void) const' ya tiene un cuerpo
C:\Users\pablo\Desktop\TPV\TPV-Compartido\Ejercicio 3º sesion TPV\Ejercicio 3º sesion TPV\ListaCoches.cpp(10): message : vea la definición anterior de 'getnumElem'
C:\Users\pablo\Desktop\TPV\TPV-Compartido\Ejercicio 3º sesion TPV\Ejercicio 3º sesion TPV\ListaCoches.cpp(16,1): error C2084: la función 'int ListaCoches::getCapacidad(void) const' ya tiene un cuerpo
C:\Users\pablo\Desktop\TPV\TPV-Compartido\Ejercicio 3º sesion TPV\Ejercicio 3º sesion TPV\ListaCoches.cpp(15): message : vea la definición anterior de 'getCapacidad'
C:\Users\pablo\Desktop\TPV\TPV-Compartido\Ejercicio 3º sesion TPV\Ejercicio 3º sesion TPV\ListaCoches.cpp(21,1): error C2084: la función 'Coche *ListaCoches::getCoche(void) const' ya tiene un cuerpo
C:\Users\pablo\Desktop\TPV\TPV-Compartido\Ejercicio 3º sesion TPV\Ejercicio 3º sesion TPV\ListaCoches.cpp(20): message : vea la definición anterior de 'getCoche'
C:\Users\pablo\Desktop\TPV\TPV-Compartido\Ejercicio 3º sesion TPV\Ejercicio 3º sesion TPV\ListaCoches.cpp(26,1): error C2084: la función 'bool ListaCoches::cargarCoches(std::string)' ya tiene un cuerpo
C:\Users\pablo\Desktop\TPV\TPV-Compartido\Ejercicio 3º sesion TPV\Ejercicio 3º sesion TPV\ListaCoches.cpp(25): message : vea la definición anterior de 'cargarCoches'
C:\Users\pablo\Desktop\TPV\TPV-Compartido\Ejercicio 3º sesion TPV\Ejercicio 3º sesion TPV\ListaCoches.cpp(64,1): error C2084: la función 'Coche *ListaCoches::buscarCoche(int)' ya tiene un cuerpo
C:\Users\pablo\Desktop\TPV\TPV-Compartido\Ejercicio 3º sesion TPV\Ejercicio 3º sesion TPV\ListaCoches.cpp(63): message : vea la definición anterior de 'buscarCoche'
C:\Users\pablo\Desktop\TPV\TPV-Compartido\Ejercicio 3º sesion TPV\Ejercicio 3º sesion TPV\ListaCoches.cpp(89,1): error C2084: la función 'void ListaCoches::meterCoche(int,std::string,int)' ya tiene un cuerpo
C:\Users\pablo\Desktop\TPV\TPV-Compartido\Ejercicio 3º sesion TPV\Ejercicio 3º sesion TPV\ListaCoches.cpp(88): message : vea la definición anterior de 'meterCoche'
C:\Users\pablo\Desktop\TPV\TPV-Compartido\Ejercicio 3º sesion TPV\Ejercicio 3º sesion TPV\Alquiler.h(27,1): error C2264: 'Date::operator <': error en la definición o declaración de función; no se ha llamado a la función
C:\Users\pablo\Desktop\TPV\TPV-Compartido\Ejercicio 3º sesion TPV\Ejercicio 3º sesion TPV\Alquiler.h(27,17): error C2088: '<': no es válido para class
C:\Users\pablo\Desktop\TPV\TPV-Compartido\Ejercicio 3º sesion TPV\Ejercicio 3º sesion TPV\Alquiler.cpp(3,22): error C2084: la función 'Alquiler::Alquiler(void)' ya tiene un cuerpo
C:\Users\pablo\Desktop\TPV\TPV-Compartido\Ejercicio 3º sesion TPV\Ejercicio 3º sesion TPV\Alquiler.h(18): message : vea la definición anterior de '{ctor}'
C:\Users\pablo\Desktop\TPV\TPV-Compartido\Ejercicio 3º sesion TPV\Ejercicio 3º sesion TPV\Alquiler.cpp(5,128): error C2264: 'Date::Date': error en la definición o declaración de función; no se ha llamado a la función
C:\Users\pablo\Desktop\TPV\TPV-Compartido\Ejercicio 3º sesion TPV\Ejercicio 3º sesion TPV\Alquiler.cpp(19,14): error C2264: 'Date::Date': error en la definición o declaración de función; no se ha llamado a la función
C:\Users\pablo\Desktop\TPV\TPV-Compartido\Ejercicio 3º sesion TPV\Ejercicio 3º sesion TPV\ListaAlquileres.cpp(4,36): error C2084: la función 'ListaAlquileres::ListaAlquileres(void)' ya tiene un cuerpo
C:\Users\pablo\Desktop\TPV\TPV-Compartido\Ejercicio 3º sesion TPV\Ejercicio 3º sesion TPV\ListaAlquileres.h(12): message : vea la definición anterior de '{ctor}'
C:\Users\pablo\Desktop\TPV\TPV-Compartido\Ejercicio 3º sesion TPV\Ejercicio 3º sesion TPV\ListaAlquileres.cpp(75,35): error C2264: 'operator <<': error en la definición o declaración de función; no se ha llamado a la función
C:\Users\pablo\Desktop\TPV\TPV-Compartido\Ejercicio 3º sesion TPV\Ejercicio 3º sesion TPV\ListaAlquileres.cpp(75,8): error C2088: '<<': no es válido para class
C:\Users\pablo\Desktop\TPV\TPV-Compartido\Ejercicio 3º sesion TPV\Ejercicio 3º sesion TPV\Main.cpp(19,25): error C2264: 'ListaCoches::ListaCoches': error en la definición o declaración de función; no se ha llamado a la función
  Generando código...
C:\Users\pablo\Desktop\TPV\TPV-Compartido\Ejercicio 3º sesion TPV\Ejercicio 3º sesion TPV\Main.cpp(20,33): error C2264: 'ListaAlquileres::ListaAlquileres': error en la definición o declaración de función; no se ha llamado a la función
