c:\users\usuario\desktop\carpeta escritorio\universidad\universidad\segundo\tpv\compartido\tpv-compartido\practica_1 tpv\practica_1 tpv\proyectossdl\holasdl\debug\vc142.pdb
c:\users\usuario\desktop\carpeta escritorio\universidad\universidad\segundo\tpv\compartido\tpv-compartido\practica_1 tpv\practica_1 tpv\proyectossdl\holasdl\debug\vc142.idb
c:\users\usuario\desktop\carpeta escritorio\universidad\universidad\segundo\tpv\compartido\tpv-compartido\practica_1 tpv\practica_1 tpv\proyectossdl\holasdl\debug\vector2d.obj
c:\users\usuario\desktop\carpeta escritorio\universidad\universidad\segundo\tpv\compartido\tpv-compartido\practica_1 tpv\practica_1 tpv\proyectossdl\holasdl\debug\texture.obj
c:\users\usuario\desktop\carpeta escritorio\universidad\universidad\segundo\tpv\compartido\tpv-compartido\practica_1 tpv\practica_1 tpv\proyectossdl\holasdl\debug\smartghost.obj
c:\users\usuario\desktop\carpeta escritorio\universidad\universidad\segundo\tpv\compartido\tpv-compartido\practica_1 tpv\practica_1 tpv\proyectossdl\holasdl\debug\playstate.obj
c:\users\usuario\desktop\carpeta escritorio\universidad\universidad\segundo\tpv\compartido\tpv-compartido\practica_1 tpv\practica_1 tpv\proyectossdl\holasdl\debug\pausestate.obj
c:\users\usuario\desktop\carpeta escritorio\universidad\universidad\segundo\tpv\compartido\tpv-compartido\practica_1 tpv\practica_1 tpv\proyectossdl\holasdl\debug\pacman.obj
c:\users\usuario\desktop\carpeta escritorio\universidad\universidad\segundo\tpv\compartido\tpv-compartido\practica_1 tpv\practica_1 tpv\proyectossdl\holasdl\debug\menubutton.obj
c:\users\usuario\desktop\carpeta escritorio\universidad\universidad\segundo\tpv\compartido\tpv-compartido\practica_1 tpv\practica_1 tpv\proyectossdl\holasdl\debug\mainmenustate.obj
c:\users\usuario\desktop\carpeta escritorio\universidad\universidad\segundo\tpv\compartido\tpv-compartido\practica_1 tpv\practica_1 tpv\proyectossdl\holasdl\debug\main.obj
c:\users\usuario\desktop\carpeta escritorio\universidad\universidad\segundo\tpv\compartido\tpv-compartido\practica_1 tpv\practica_1 tpv\proyectossdl\holasdl\debug\ghost.obj
c:\users\usuario\desktop\carpeta escritorio\universidad\universidad\segundo\tpv\compartido\tpv-compartido\practica_1 tpv\practica_1 tpv\proyectossdl\holasdl\debug\gamestatemachine.obj
c:\users\usuario\desktop\carpeta escritorio\universidad\universidad\segundo\tpv\compartido\tpv-compartido\practica_1 tpv\practica_1 tpv\proyectossdl\holasdl\debug\gamestate.obj
c:\users\usuario\desktop\carpeta escritorio\universidad\universidad\segundo\tpv\compartido\tpv-compartido\practica_1 tpv\practica_1 tpv\proyectossdl\holasdl\debug\gameobject.obj
c:\users\usuario\desktop\carpeta escritorio\universidad\universidad\segundo\tpv\compartido\tpv-compartido\practica_1 tpv\practica_1 tpv\proyectossdl\holasdl\debug\gamemap.obj
c:\users\usuario\desktop\carpeta escritorio\universidad\universidad\segundo\tpv\compartido\tpv-compartido\practica_1 tpv\practica_1 tpv\proyectossdl\holasdl\debug\gamecharacter.obj
c:\users\usuario\desktop\carpeta escritorio\universidad\universidad\segundo\tpv\compartido\tpv-compartido\practica_1 tpv\practica_1 tpv\proyectossdl\holasdl\debug\game.obj
c:\users\usuario\desktop\carpeta escritorio\universidad\universidad\segundo\tpv\compartido\tpv-compartido\practica_1 tpv\practica_1 tpv\proyectossdl\holasdl\debug\eventhandler.obj
c:\users\usuario\desktop\carpeta escritorio\universidad\universidad\segundo\tpv\compartido\tpv-compartido\practica_1 tpv\practica_1 tpv\proyectossdl\holasdl\debug\endstate.obj
c:\users\usuario\desktop\carpeta escritorio\universidad\universidad\segundo\tpv\compartido\tpv-compartido\practica_1 tpv\practica_1 tpv\proyectossdl\bin\pacmandebug.exe
c:\users\usuario\desktop\carpeta escritorio\universidad\universidad\segundo\tpv\compartido\tpv-compartido\practica_1 tpv\practica_1 tpv\proyectossdl\bin\pacmandebug.ilk
c:\users\usuario\desktop\carpeta escritorio\universidad\universidad\segundo\tpv\compartido\tpv-compartido\practica_1 tpv\practica_1 tpv\proyectossdl\bin\pacmandebug.pdb
c:\users\pablo\desktop\tpv\tpv-compartido\tpv-compartido\practica_1 tpv\practica_1 tpv\proyectossdl\holasdl\debug\endstate.obj
c:\users\pablo\desktop\tpv\tpv-compartido\tpv-compartido\practica_1 tpv\practica_1 tpv\proyectossdl\holasdl\debug\eventhandler.obj
c:\users\pablo\desktop\tpv\tpv-compartido\tpv-compartido\practica_1 tpv\practica_1 tpv\proyectossdl\holasdl\debug\game.obj
c:\users\pablo\desktop\tpv\tpv-compartido\tpv-compartido\practica_1 tpv\practica_1 tpv\proyectossdl\holasdl\debug\gamecharacter.obj
c:\users\pablo\desktop\tpv\tpv-compartido\tpv-compartido\practica_1 tpv\practica_1 tpv\proyectossdl\holasdl\debug\gamemap.obj
c:\users\pablo\desktop\tpv\tpv-compartido\tpv-compartido\practica_1 tpv\practica_1 tpv\proyectossdl\holasdl\debug\gameobject.obj
c:\users\pablo\desktop\tpv\tpv-compartido\tpv-compartido\practica_1 tpv\practica_1 tpv\proyectossdl\holasdl\debug\gamestate.obj
c:\users\pablo\desktop\tpv\tpv-compartido\tpv-compartido\practica_1 tpv\practica_1 tpv\proyectossdl\holasdl\debug\gamestatemachine.obj
c:\users\pablo\desktop\tpv\tpv-compartido\tpv-compartido\practica_1 tpv\practica_1 tpv\proyectossdl\holasdl\debug\ghost.obj
c:\users\pablo\desktop\tpv\tpv-compartido\tpv-compartido\practica_1 tpv\practica_1 tpv\proyectossdl\holasdl\debug\main.obj
c:\users\pablo\desktop\tpv\tpv-compartido\tpv-compartido\practica_1 tpv\practica_1 tpv\proyectossdl\holasdl\debug\mainmenustate.obj
c:\users\pablo\desktop\tpv\tpv-compartido\tpv-compartido\practica_1 tpv\practica_1 tpv\proyectossdl\holasdl\debug\menubutton.obj
c:\users\pablo\desktop\tpv\tpv-compartido\tpv-compartido\practica_1 tpv\practica_1 tpv\proyectossdl\holasdl\debug\pacman.obj
c:\users\pablo\desktop\tpv\tpv-compartido\tpv-compartido\practica_1 tpv\practica_1 tpv\proyectossdl\holasdl\debug\pausestate.obj
c:\users\pablo\desktop\tpv\tpv-compartido\tpv-compartido\practica_1 tpv\practica_1 tpv\proyectossdl\holasdl\debug\playstate.obj
c:\users\pablo\desktop\tpv\tpv-compartido\tpv-compartido\practica_1 tpv\practica_1 tpv\proyectossdl\holasdl\debug\smartghost.obj
c:\users\pablo\desktop\tpv\tpv-compartido\tpv-compartido\practica_1 tpv\practica_1 tpv\proyectossdl\holasdl\debug\texture.obj
c:\users\pablo\desktop\tpv\tpv-compartido\tpv-compartido\practica_1 tpv\practica_1 tpv\proyectossdl\holasdl\debug\vector2d.obj
c:\users\pablo\desktop\tpv\tpv-compartido\tpv-compartido\practica_1 tpv\practica_1 tpv\proyectossdl\holasdl\debug\vc142.idb
c:\users\pablo\desktop\tpv\tpv-compartido\tpv-compartido\practica_1 tpv\practica_1 tpv\proyectossdl\holasdl\debug\vc142.pdb
c:\users\pablo\desktop\tpv\tpv-compartido\tpv-compartido\practica_1 tpv\practica_1 tpv\proyectossdl\bin\pacmandebug.pdb
c:\users\pablo\desktop\tpv\tpv-compartido\tpv-compartido\practica_1 tpv\practica_1 tpv\proyectossdl\bin\pacmandebug.exe
c:\users\pablo\desktop\tpv\tpv-compartido\tpv-compartido\practica_1 tpv\practica_1 tpv\proyectossdl\bin\pacmandebug.ilk
c:\users\pablo\desktop\tpv\tpv-compartido\tpv-compartido\practica_1 tpv\practica_1 tpv\proyectossdl\holasdl\debug\pacman.tlog\cl.command.1.tlog
c:\users\pablo\desktop\tpv\tpv-compartido\tpv-compartido\practica_1 tpv\practica_1 tpv\proyectossdl\holasdl\debug\pacman.tlog\cl.read.1.tlog
c:\users\pablo\desktop\tpv\tpv-compartido\tpv-compartido\practica_1 tpv\practica_1 tpv\proyectossdl\holasdl\debug\pacman.tlog\cl.write.1.tlog
c:\users\pablo\desktop\tpv\tpv-compartido\tpv-compartido\practica_1 tpv\practica_1 tpv\proyectossdl\holasdl\debug\pacman.tlog\link.command.1.tlog
c:\users\pablo\desktop\tpv\tpv-compartido\tpv-compartido\practica_1 tpv\practica_1 tpv\proyectossdl\holasdl\debug\pacman.tlog\link.read.1.tlog
c:\users\pablo\desktop\tpv\tpv-compartido\tpv-compartido\practica_1 tpv\practica_1 tpv\proyectossdl\holasdl\debug\pacman.tlog\link.write.1.tlog
